# JRE version: Java(TM) SE Runtime Environment (21.0.5+9) (build 21.0.5+9-LTS-239)
# Java VM: Java HotSpot(TM) 64-Bit Server VM (21.0.5+9-LTS-239, mixed mode, sharing, tiered, compressed oops, compressed class ptrs, g1 gc, windows-amd64)
GC Precious Log:
 CardTable entry size: 512
 Card Set container configuration: InlinePtr #cards 4 size 8 Array Of Cards #cards 32 size 80 Howl #buckets 8 coarsen threshold 7372 Howl Bitmap #cards 1024 size 144 coarsen threshold 921 Card regions per heap region 1 cards per card region 8192
 CPUs: 8 total, 8 available
 Memory: 32590M
 Large Page Support: Disabled
 NUMA Support: Disabled
 Compressed Oops: Enabled (Zero based)
 Heap Region Size: 4M
 Heap Min Capacity: 8M
 Heap Initial Capacity: 512M
 Heap Max Capacity: 8148M
 Pre-touch: Disabled
 Parallel Workers: 8
 Concurrent Workers: 2
 Concurrent Refinement Workers: 8
 Periodic GC: Disabled
Heap:
 garbage-first heap   total 110592K, used 61728K [0x0000000602c00000, 0x0000000800000000)
  region size 4096K, 11 young (45056K), 1 survivors (4096K)
 Metaspace       used 44948K, committed 45504K, reserved 1114112K
  class space    used 5945K, committed 6208K, reserved 1048576K
GC Heap History (12 events):
Event: 1.071 GC heap before
{Heap before GC invocations=0 (full 0):
 garbage-first heap   total 524288K, used 32768K [0x0000000602c00000, 0x0000000800000000)
  region size 4096K, 6 young (24576K), 0 survivors (0K)
 Metaspace       used 5804K, committed 6080K, reserved 1114112K
  class space    used 639K, committed 768K, reserved 1048576K
}
Event: 1.075 GC heap after
{Heap after GC invocations=1 (full 0):
 garbage-first heap   total 524288K, used 16343K [0x0000000602c00000, 0x0000000800000000)
  region size 4096K, 1 young (4096K), 1 survivors (4096K)
 Metaspace       used 5804K, committed 6080K, reserved 1114112K
  class space    used 639K, committed 768K, reserved 1048576K
}
Event: 2.189 GC heap before
{Heap before GC invocations=1 (full 0):
 garbage-first heap   total 524288K, used 32727K [0x0000000602c00000, 0x0000000800000000)
  region size 4096K, 6 young (24576K), 1 survivors (4096K)
 Metaspace       used 11140K, committed 11392K, reserved 1114112K
  class space    used 1368K, committed 1472K, reserved 1048576K
}
Event: 2.192 GC heap after
{Heap after GC invocations=2 (full 0):
 garbage-first heap   total 524288K, used 18236K [0x0000000602c00000, 0x0000000800000000)
  region size 4096K, 1 young (4096K), 1 survivors (4096K)
 Metaspace       used 11140K, committed 11392K, reserved 1114112K
  class space    used 1368K, committed 1472K, reserved 1048576K
}
Event: 2.993 GC heap before
{Heap before GC invocations=2 (full 0):
 garbage-first heap   total 524288K, used 59196K [0x0000000602c00000, 0x0000000800000000)
  region size 4096K, 13 young (53248K), 1 survivors (4096K)
 Metaspace       used 21232K, committed 21504K, reserved 1114112K
  class space    used 2614K, committed 2752K, reserved 1048576K
}
Event: 2.999 GC heap after
{Heap after GC invocations=3 (full 0):
 garbage-first heap   total 524288K, used 22510K [0x0000000602c00000, 0x0000000800000000)
  region size 4096K, 2 young (8192K), 2 survivors (8192K)
 Metaspace       used 21232K, committed 21504K, reserved 1114112K
  class space    used 2614K, committed 2752K, reserved 1048576K
}
Event: 5.243 GC heap before
{Heap before GC invocations=4 (full 0):
 garbage-first heap   total 110592K, used 79854K [0x0000000602c00000, 0x0000000800000000)
  region size 4096K, 16 young (65536K), 2 survivors (8192K)
 Metaspace       used 31073K, committed 31552K, reserved 1114112K
  class space    used 4054K, committed 4288K, reserved 1048576K
}
Event: 5.255 GC heap after
{Heap after GC invocations=5 (full 0):
 garbage-first heap   total 110592K, used 27493K [0x0000000602c00000, 0x0000000800000000)
  region size 4096K, 2 young (8192K), 2 survivors (8192K)
 Metaspace       used 31073K, committed 31552K, reserved 1114112K
  class space    used 4054K, committed 4288K, reserved 1048576K
}
Event: 5.702 GC heap before
{Heap before GC invocations=5 (full 0):
 garbage-first heap   total 110592K, used 43877K [0x0000000602c00000, 0x0000000800000000)
  region size 4096K, 7 young (28672K), 2 survivors (8192K)
 Metaspace       used 35512K, committed 35968K, reserved 1114112K
  class space    used 4579K, committed 4800K, reserved 1048576K
}
Event: 5.709 GC heap after
{Heap after GC invocations=6 (full 0):
 garbage-first heap   total 110592K, used 29044K [0x0000000602c00000, 0x0000000800000000)
  region size 4096K, 1 young (4096K), 1 survivors (4096K)
 Metaspace       used 35512K, committed 35968K, reserved 1114112K
  class space    used 4579K, committed 4800K, reserved 1048576K
}
Event: 5.746 GC heap before
{Heap before GC invocations=6 (full 0):
 garbage-first heap   total 110592K, used 29044K [0x0000000602c00000, 0x0000000800000000)
  region size 4096K, 2 young (8192K), 1 survivors (4096K)
 Metaspace       used 35738K, committed 36288K, reserved 1114112K
  class space    used 4599K, committed 4800K, reserved 1048576K
}
Event: 5.748 GC heap after
{Heap after GC invocations=7 (full 0):
 garbage-first heap   total 110592K, used 28960K [0x0000000602c00000, 0x0000000800000000)
  region size 4096K, 1 young (4096K), 1 survivors (4096K)
 Metaspace       used 35738K, committed 36288K, reserved 1114112K
  class space    used 4599K, committed 4800K, reserved 1048576K
}

