# JRE version: Java(TM) SE Runtime Environment (21.0.5+9) (build 21.0.5+9-LTS-239)
# Java VM: Java HotSpot(TM) 64-Bit Server VM (21.0.5+9-LTS-239, mixed mode, sharing, tiered, compressed oops, compressed class ptrs, g1 gc, windows-amd64)
GC Precious Log:
 CardTable entry size: 512
 Card Set container configuration: InlinePtr #cards 4 size 8 Array Of Cards #cards 32 size 80 Howl #buckets 8 coarsen threshold 7372 Howl Bitmap #cards 1024 size 144 coarsen threshold 921 Card regions per heap region 1 cards per card region 8192
 CPUs: 8 total, 8 available
 Memory: 32590M
 Large Page Support: Disabled
 NUMA Support: Disabled
 Compressed Oops: Enabled (Zero based)
 Heap Region Size: 4M
 Heap Min Capacity: 8M
 Heap Initial Capacity: 512M
 Heap Max Capacity: 8148M
 Pre-touch: Disabled
 Parallel Workers: 8
 Concurrent Workers: 2
 Concurrent Refinement Workers: 8
 Periodic GC: Disabled
Heap:
 garbage-first heap   total 69632K, used 20395K [0x0000000602c00000, 0x0000000800000000)
  region size 4096K, 2 young (8192K), 1 survivors (4096K)
 Metaspace       used 35679K, committed 36224K, reserved 1114112K
  class space    used 4606K, committed 4864K, reserved 1048576K
GC Heap History (12 events):
Event: 0.583 GC heap before
{Heap before GC invocations=0 (full 0):
 garbage-first heap   total 524288K, used 24576K [0x0000000602c00000, 0x0000000800000000)
  region size 4096K, 6 young (24576K), 0 survivors (0K)
 Metaspace       used 6207K, committed 6464K, reserved 1114112K
  class space    used 690K, committed 832K, reserved 1048576K
}
Event: 0.587 GC heap after
{Heap after GC invocations=1 (full 0):
 garbage-first heap   total 524288K, used 7360K [0x0000000602c00000, 0x0000000800000000)
  region size 4096K, 1 young (4096K), 1 survivors (4096K)
 Metaspace       used 6207K, committed 6464K, reserved 1114112K
  class space    used 690K, committed 832K, reserved 1048576K
}
Event: 0.921 GC heap before
{Heap before GC invocations=1 (full 0):
 garbage-first heap   total 524288K, used 23744K [0x0000000602c00000, 0x0000000800000000)
  region size 4096K, 6 young (24576K), 1 survivors (4096K)
 Metaspace       used 11420K, committed 11712K, reserved 1114112K
  class space    used 1408K, committed 1536K, reserved 1048576K
}
Event: 0.923 GC heap after
{Heap after GC invocations=2 (full 0):
 garbage-first heap   total 524288K, used 9069K [0x0000000602c00000, 0x0000000800000000)
  region size 4096K, 1 young (4096K), 1 survivors (4096K)
 Metaspace       used 11420K, committed 11712K, reserved 1114112K
  class space    used 1408K, committed 1536K, reserved 1048576K
}
Event: 1.380 GC heap before
{Heap before GC invocations=2 (full 0):
 garbage-first heap   total 524288K, used 50029K [0x0000000602c00000, 0x0000000800000000)
  region size 4096K, 13 young (53248K), 1 survivors (4096K)
 Metaspace       used 21224K, committed 21504K, reserved 1114112K
  class space    used 2611K, committed 2752K, reserved 1048576K
}
Event: 1.384 GC heap after
{Heap after GC invocations=3 (full 0):
 garbage-first heap   total 524288K, used 13268K [0x0000000602c00000, 0x0000000800000000)
  region size 4096K, 2 young (8192K), 2 survivors (8192K)
 Metaspace       used 21224K, committed 21504K, reserved 1114112K
  class space    used 2611K, committed 2752K, reserved 1048576K
}
Event: 1.931 GC heap before
{Heap before GC invocations=4 (full 0):
 garbage-first heap   total 69632K, used 46036K [0x0000000602c00000, 0x0000000800000000)
  region size 4096K, 10 young (40960K), 2 survivors (8192K)
 Metaspace       used 26309K, committed 26624K, reserved 1114112K
  class space    used 3369K, committed 3520K, reserved 1048576K
}
Event: 1.938 GC heap after
{Heap after GC invocations=5 (full 0):
 garbage-first heap   total 69632K, used 15788K [0x0000000602c00000, 0x0000000800000000)
  region size 4096K, 1 young (4096K), 1 survivors (4096K)
 Metaspace       used 26309K, committed 26624K, reserved 1114112K
  class space    used 3369K, committed 3520K, reserved 1048576K
}
Event: 2.479 GC heap before
{Heap before GC invocations=5 (full 0):
 garbage-first heap   total 69632K, used 44460K [0x0000000602c00000, 0x0000000800000000)
  region size 4096K, 8 young (32768K), 1 survivors (4096K)
 Metaspace       used 32425K, committed 32960K, reserved 1114112K
  class space    used 4177K, committed 4416K, reserved 1048576K
}
Event: 2.487 GC heap after
{Heap after GC invocations=6 (full 0):
 garbage-first heap   total 69632K, used 19008K [0x0000000602c00000, 0x0000000800000000)
  region size 4096K, 1 young (4096K), 1 survivors (4096K)
 Metaspace       used 32425K, committed 32960K, reserved 1114112K
  class space    used 4177K, committed 4416K, reserved 1048576K
}
Event: 2.789 GC heap before
{Heap before GC invocations=6 (full 0):
 garbage-first heap   total 69632K, used 27200K [0x0000000602c00000, 0x0000000800000000)
  region size 4096K, 4 young (16384K), 1 survivors (4096K)
 Metaspace       used 35435K, committed 35968K, reserved 1114112K
  class space    used 4562K, committed 4800K, reserved 1048576K
}
Event: 2.794 GC heap after
{Heap after GC invocations=7 (full 0):
 garbage-first heap   total 69632K, used 20395K [0x0000000602c00000, 0x0000000800000000)
  region size 4096K, 1 young (4096K), 1 survivors (4096K)
 Metaspace       used 35435K, committed 35968K, reserved 1114112K
  class space    used 4562K, committed 4800K, reserved 1048576K
}

